<?xml version="1.0" encoding="UTF-8"?>
<!-- Generated by org.testng.reporters.JUnitReportReporter -->
<testsuite skipped="0" hostname="rajesh" name="demo.testData" tests="1" failures="0" timestamp="27 Dec 2018 07:24:18 GMT" time="0.062" errors="0">
  <testcase name="testclas" time="0.062" classname="demo.testData"/>
</testsuite> <!-- demo.testData -->
