<?xml version="1.0" encoding="UTF-8"?>
<!-- Generated by org.testng.reporters.JUnitReportReporter -->
<testsuite skipped="0" hostname="rajesh" name="demo.testData" tests="1" failures="0" timestamp="28 Dec 2018 04:28:46 GMT" time="0.046" errors="0">
  <testcase name="testclas" time="0.046" classname="demo.testData"/>
</testsuite> <!-- demo.testData -->
